19/05/26 17:43:23.250 : Start of :1
19/05/26 17:43:24.312 : s:1
19/05/26 17:46:07.688 : Start of :1
19/05/26 17:46:08.798 : s:1
19/05/26 17:46:51.762 : Start of :1
19/05/26 17:46:52.787 : s:1
19/05/26 17:48:30.761 : Start of :1
19/05/26 17:48:31.808 : s:1
19/05/26 17:48:33.416 : d:1
19/05/26 17:48:33.422 : d:D:\Application\RailSiteDataGrabber\RailSiteDataGrabber\bin\Debug_Copy\Files\rwmms\decleration\dec_فنی و مهندسی ریل پرداز سیر_346001.pdf
19/05/26 17:48:34.378 : s:2
19/05/26 17:48:36.040 : d:2
19/05/26 17:48:36.050 : d:D:\Application\RailSiteDataGrabber\RailSiteDataGrabber\bin\Debug_Copy\Files\rwmms\decleration\dec_فنی و مهندسی ریل پرداز سیر_346004.pdf
19/05/26 17:48:37.030 : s:3
19/05/26 17:48:38.790 : d:3
19/05/26 17:48:38.802 : d:D:\Application\RailSiteDataGrabber\RailSiteDataGrabber\bin\Debug_Copy\Files\rwmms\decleration\dec_فنی و مهندسی ریل پرداز سیر_346005.pdf
19/05/26 17:48:39.806 : s:4
19/05/26 17:48:41.848 : d:4
19/05/26 17:48:41.857 : d:D:\Application\RailSiteDataGrabber\RailSiteDataGrabber\bin\Debug_Copy\Files\rwmms\decleration\dec_فنی و مهندسی ریل پرداز سیر_346006.pdf
19/05/26 17:48:42.854 : s:5
19/05/26 17:48:44.456 : d:5
19/05/26 17:48:44.464 : d:D:\Application\RailSiteDataGrabber\RailSiteDataGrabber\bin\Debug_Copy\Files\rwmms\decleration\dec_فنی و مهندسی ریل پرداز سیر_346007.pdf
19/05/26 17:48:45.876 : s:6
19/05/26 17:48:47.514 : d:6
19/05/26 17:48:47.520 : d:D:\Application\RailSiteDataGrabber\RailSiteDataGrabber\bin\Debug_Copy\Files\rwmms\decleration\dec_فنی و مهندسی ریل پرداز سیر_346008.pdf
19/05/26 17:48:48.850 : s:7
19/05/26 17:48:50.523 : d:7
19/05/26 17:48:50.529 : d:D:\Application\RailSiteDataGrabber\RailSiteDataGrabber\bin\Debug_Copy\Files\rwmms\decleration\dec_فنی و مهندسی ریل پرداز سیر_346009.pdf
19/05/26 17:48:51.700 : s:8
19/05/26 17:48:53.350 : d:8
19/05/26 17:48:53.359 : d:D:\Application\RailSiteDataGrabber\RailSiteDataGrabber\bin\Debug_Copy\Files\rwmms\decleration\dec_فنی و مهندسی ریل پرداز سیر_346010.pdf
19/05/26 17:48:54.351 : s:9
19/05/26 17:48:56.106 : d:9
19/05/26 17:48:56.115 : d:D:\Application\RailSiteDataGrabber\RailSiteDataGrabber\bin\Debug_Copy\Files\rwmms\decleration\dec_فنی و مهندسی ریل پرداز سیر_346011.pdf
19/05/26 17:48:57.407 : s:10
19/05/26 17:48:59.156 : d:10
19/05/26 17:48:59.162 : d:D:\Application\RailSiteDataGrabber\RailSiteDataGrabber\bin\Debug_Copy\Files\rwmms\decleration\dec_فنی و مهندسی ریل پرداز سیر_346012.pdf
19/05/26 17:49:00.267 : s:11
19/05/26 17:49:02.118 : d:11
19/05/26 17:49:02.129 : d:D:\Application\RailSiteDataGrabber\RailSiteDataGrabber\bin\Debug_Copy\Files\rwmms\decleration\dec_فنی و مهندسی ریل پرداز سیر_346013.pdf
19/05/26 17:49:03.644 : s:12
19/05/26 17:49:05.387 : d:12
19/05/26 17:49:05.395 : d:D:\Application\RailSiteDataGrabber\RailSiteDataGrabber\bin\Debug_Copy\Files\rwmms\decleration\dec_فنی و مهندسی ریل پرداز سیر_346014.pdf
19/05/26 17:49:06.668 : s:13
19/05/26 17:49:08.408 : d:13
19/05/26 17:49:08.416 : d:D:\Application\RailSiteDataGrabber\RailSiteDataGrabber\bin\Debug_Copy\Files\rwmms\decleration\dec_فنی و مهندسی ریل پرداز سیر_346015.pdf
19/05/26 17:49:09.710 : s:14
19/05/26 17:49:11.436 : d:14
19/05/26 17:49:11.445 : d:D:\Application\RailSiteDataGrabber\RailSiteDataGrabber\bin\Debug_Copy\Files\rwmms\decleration\dec_فنی و مهندسی ریل پرداز سیر_346016.pdf
19/05/26 17:49:12.559 : s:15
19/05/26 17:49:14.239 : d:15
19/05/26 17:49:14.247 : d:D:\Application\RailSiteDataGrabber\RailSiteDataGrabber\bin\Debug_Copy\Files\rwmms\decleration\dec_فنی و مهندسی ریل پرداز سیر_346017.pdf
19/05/26 17:49:16.193 : End of :1
19/05/26 17:49:16.201 : Start of :2
19/05/26 17:49:18.442 : s:1
19/05/26 17:49:20.056 : d:1
19/05/26 17:49:20.066 : d:D:\Application\RailSiteDataGrabber\RailSiteDataGrabber\bin\Debug_Copy\Files\rwmms\decleration\dec_فنی و مهندسی ریل پرداز سیر_346018.pdf
19/05/26 17:49:21.034 : s:2
19/05/26 17:49:22.685 : d:2
19/05/26 17:49:22.694 : d:D:\Application\RailSiteDataGrabber\RailSiteDataGrabber\bin\Debug_Copy\Files\rwmms\decleration\dec_فنی و مهندسی ریل پرداز سیر_346021.pdf
19/05/26 17:49:23.694 : s:3
19/05/26 17:49:25.382 : d:3
19/05/26 17:49:25.391 : d:D:\Application\RailSiteDataGrabber\RailSiteDataGrabber\bin\Debug_Copy\Files\rwmms\decleration\dec_فنی و مهندسی ریل پرداز سیر_346022.pdf
19/05/26 17:49:26.656 : s:4
19/05/26 17:49:28.381 : d:4
19/05/26 17:49:28.392 : d:D:\Application\RailSiteDataGrabber\RailSiteDataGrabber\bin\Debug_Copy\Files\rwmms\decleration\dec_فنی و مهندسی ریل پرداز سیر_346023.pdf
19/05/26 17:49:29.377 : s:5
19/05/26 17:49:31.088 : d:5
19/05/26 17:49:31.096 : d:D:\Application\RailSiteDataGrabber\RailSiteDataGrabber\bin\Debug_Copy\Files\rwmms\decleration\dec_فنی و مهندسی ریل پرداز سیر_346024.pdf
19/05/26 17:49:32.081 : s:6
19/05/26 17:49:33.807 : d:6
19/05/26 17:49:33.816 : d:D:\Application\RailSiteDataGrabber\RailSiteDataGrabber\bin\Debug_Copy\Files\rwmms\decleration\dec_فنی و مهندسی ریل پرداز سیر_346025.pdf
19/05/26 17:49:35.008 : s:7
19/05/26 17:49:36.709 : d:7
19/05/26 17:49:36.719 : d:D:\Application\RailSiteDataGrabber\RailSiteDataGrabber\bin\Debug_Copy\Files\rwmms\decleration\dec_فنی و مهندسی ریل پرداز سیر_346026.pdf
19/05/26 17:49:38.029 : s:8
19/05/26 17:49:39.828 : d:8
19/05/26 17:49:39.837 : d:D:\Application\RailSiteDataGrabber\RailSiteDataGrabber\bin\Debug_Copy\Files\rwmms\decleration\dec_فنی و مهندسی ریل پرداز سیر_346027.pdf
19/05/26 17:49:40.985 : s:9
19/05/26 17:49:43.143 : d:9
19/05/26 17:49:43.155 : d:D:\Application\RailSiteDataGrabber\RailSiteDataGrabber\bin\Debug_Copy\Files\rwmms\decleration\dec_فنی و مهندسی ریل پرداز سیر_346028.pdf
19/05/26 17:49:44.600 : s:10
19/05/26 17:49:46.390 : d:10
19/05/26 17:49:46.398 : d:D:\Application\RailSiteDataGrabber\RailSiteDataGrabber\bin\Debug_Copy\Files\rwmms\decleration\dec_فنی و مهندسی ریل پرداز سیر_346030.pdf
19/05/26 17:49:47.367 : s:11
19/05/26 17:49:49.134 : d:11
19/05/26 17:49:49.145 : d:D:\Application\RailSiteDataGrabber\RailSiteDataGrabber\bin\Debug_Copy\Files\rwmms\decleration\dec_فنی و مهندسی ریل پرداز سیر_346031.pdf
19/05/26 17:49:50.350 : s:12
19/05/26 17:49:52.353 : d:12
19/05/26 17:49:52.362 : d:D:\Application\RailSiteDataGrabber\RailSiteDataGrabber\bin\Debug_Copy\Files\rwmms\decleration\dec_فنی و مهندسی ریل پرداز سیر_346032.pdf
19/05/26 17:49:53.344 : s:13
19/05/26 17:49:55.440 : d:13
19/05/26 17:49:55.448 : d:D:\Application\RailSiteDataGrabber\RailSiteDataGrabber\bin\Debug_Copy\Files\rwmms\decleration\dec_فنی و مهندسی ریل پرداز سیر_346033.pdf
19/05/26 17:49:56.975 : s:14
19/05/26 17:49:58.824 : d:14
19/05/26 17:49:58.834 : d:D:\Application\RailSiteDataGrabber\RailSiteDataGrabber\bin\Debug_Copy\Files\rwmms\decleration\dec_فنی و مهندسی ریل پرداز سیر_346034.pdf
19/05/26 17:50:00.187 : s:15
19/05/26 17:50:02.158 : d:15
19/05/26 17:50:02.168 : d:D:\Application\RailSiteDataGrabber\RailSiteDataGrabber\bin\Debug_Copy\Files\rwmms\decleration\dec_فنی و مهندسی ریل پرداز سیر_346035.pdf
19/05/26 17:50:02.288 : End of :2
19/05/26 17:50:02.294 : Start of :3
19/05/26 17:50:04.503 : s:1
19/05/26 17:50:06.496 : d:1
19/05/26 17:50:06.504 : d:D:\Application\RailSiteDataGrabber\RailSiteDataGrabber\bin\Debug_Copy\Files\rwmms\decleration\dec_فنی و مهندسی ریل پرداز سیر_346036.pdf
19/05/26 17:50:07.561 : s:2
19/05/26 17:50:09.438 : d:2
19/05/26 17:50:09.449 : d:D:\Application\RailSiteDataGrabber\RailSiteDataGrabber\bin\Debug_Copy\Files\rwmms\decleration\dec_فنی و مهندسی ریل پرداز سیر_346037.pdf
19/05/26 17:50:10.760 : s:3
19/05/26 17:50:12.745 : d:3
19/05/26 17:50:12.753 : d:D:\Application\RailSiteDataGrabber\RailSiteDataGrabber\bin\Debug_Copy\Files\rwmms\decleration\dec_فنی و مهندسی ریل پرداز سیر_346038.pdf
19/05/26 17:50:13.740 : s:4
19/05/26 17:50:15.562 : d:4
19/05/26 17:50:15.571 : d:D:\Application\RailSiteDataGrabber\RailSiteDataGrabber\bin\Debug_Copy\Files\rwmms\decleration\dec_فنی و مهندسی ریل پرداز سیر_346039.pdf
19/05/26 17:50:16.605 : s:5
19/05/26 17:50:18.728 : d:5
19/05/26 17:50:18.737 : d:D:\Application\RailSiteDataGrabber\RailSiteDataGrabber\bin\Debug_Copy\Files\rwmms\decleration\dec_فنی و مهندسی ریل پرداز سیر_346040.pdf
19/05/26 17:50:19.711 : s:6
19/05/26 17:50:21.725 : d:6
19/05/26 17:50:21.735 : d:D:\Application\RailSiteDataGrabber\RailSiteDataGrabber\bin\Debug_Copy\Files\rwmms\decleration\dec_فنی و مهندسی ریل پرداز سیر_346041.pdf
19/05/26 17:50:22.699 : s:7
19/05/26 17:50:24.637 : d:7
19/05/26 17:50:24.644 : d:D:\Application\RailSiteDataGrabber\RailSiteDataGrabber\bin\Debug_Copy\Files\rwmms\decleration\dec_فنی و مهندسی ریل پرداز سیر_346042.pdf
19/05/26 17:50:25.748 : s:8
19/05/26 17:50:27.675 : d:8
19/05/26 17:50:27.683 : d:D:\Application\RailSiteDataGrabber\RailSiteDataGrabber\bin\Debug_Copy\Files\rwmms\decleration\dec_فنی و مهندسی ریل پرداز سیر_346043.pdf
19/05/26 17:50:28.672 : s:9
19/05/26 17:50:30.549 : d:9
19/05/26 17:50:30.557 : d:D:\Application\RailSiteDataGrabber\RailSiteDataGrabber\bin\Debug_Copy\Files\rwmms\decleration\dec_فنی و مهندسی ریل پرداز سیر_346044.pdf
19/05/26 17:50:31.689 : s:10
19/05/26 17:50:33.550 : d:10
19/05/26 17:50:33.559 : d:D:\Application\RailSiteDataGrabber\RailSiteDataGrabber\bin\Debug_Copy\Files\rwmms\decleration\dec_فنی و مهندسی ریل پرداز سیر_346045.pdf
19/05/26 17:50:34.560 : s:11
19/05/26 17:50:36.559 : d:11
19/05/26 17:50:36.570 : d:D:\Application\RailSiteDataGrabber\RailSiteDataGrabber\bin\Debug_Copy\Files\rwmms\decleration\dec_فنی و مهندسی ریل پرداز سیر_346046.pdf
19/05/26 17:50:37.578 : s:12
19/05/26 17:50:39.423 : d:12
19/05/26 17:50:39.431 : d:D:\Application\RailSiteDataGrabber\RailSiteDataGrabber\bin\Debug_Copy\Files\rwmms\decleration\dec_فنی و مهندسی ریل پرداز سیر_346047.pdf
19/05/26 17:50:40.541 : s:13
19/05/26 17:50:42.635 : d:13
19/05/26 17:50:42.645 : d:D:\Application\RailSiteDataGrabber\RailSiteDataGrabber\bin\Debug_Copy\Files\rwmms\decleration\dec_فنی و مهندسی ریل پرداز سیر_346048.pdf
19/05/26 17:50:44.005 : s:14
19/05/26 17:50:46.032 : d:14
19/05/26 17:50:46.040 : d:D:\Application\RailSiteDataGrabber\RailSiteDataGrabber\bin\Debug_Copy\Files\rwmms\decleration\dec_فنی و مهندسی ریل پرداز سیر_346049.pdf
19/05/26 17:50:47.066 : s:15
19/05/26 17:50:48.969 : d:15
19/05/26 17:50:48.978 : d:D:\Application\RailSiteDataGrabber\RailSiteDataGrabber\bin\Debug_Copy\Files\rwmms\decleration\dec_فنی و مهندسی ریل پرداز سیر_346050.pdf
19/05/26 17:50:49.102 : End of :3
19/05/26 17:50:49.107 : Start of :4
19/05/26 17:50:51.572 : s:1
19/05/26 17:50:53.453 : d:1
19/05/26 17:50:53.461 : d:D:\Application\RailSiteDataGrabber\RailSiteDataGrabber\bin\Debug_Copy\Files\rwmms\decleration\dec_فنی و مهندسی ریل پرداز سیر_346051.pdf
19/05/26 17:50:54.714 : s:2
19/05/26 17:50:56.931 : d:2
19/05/26 17:50:56.939 : d:D:\Application\RailSiteDataGrabber\RailSiteDataGrabber\bin\Debug_Copy\Files\rwmms\decleration\dec_فنی و مهندسی ریل پرداز سیر_346052.pdf
19/05/26 17:50:57.912 : s:3
19/05/26 17:50:59.801 : d:3
19/05/26 17:50:59.812 : d:D:\Application\RailSiteDataGrabber\RailSiteDataGrabber\bin\Debug_Copy\Files\rwmms\decleration\dec_فنی و مهندسی ریل پرداز سیر_346053.pdf
19/05/26 17:51:01.097 : s:4
19/05/26 17:51:02.750 : d:4
19/05/26 17:51:02.762 : d:D:\Application\RailSiteDataGrabber\RailSiteDataGrabber\bin\Debug_Copy\Files\rwmms\decleration\dec_فنی و مهندسی ریل پرداز سیر_346054.pdf
19/05/26 17:51:03.723 : s:5
19/05/26 17:51:05.403 : d:5
19/05/26 17:51:05.410 : d:D:\Application\RailSiteDataGrabber\RailSiteDataGrabber\bin\Debug_Copy\Files\rwmms\decleration\dec_فنی و مهندسی ریل پرداز سیر_346055.pdf
19/05/26 17:51:06.381 : s:6
19/05/26 17:51:08.084 : d:6
19/05/26 17:51:08.101 : d:D:\Application\RailSiteDataGrabber\RailSiteDataGrabber\bin\Debug_Copy\Files\rwmms\decleration\dec_فنی و مهندسی ریل پرداز سیر_346056.pdf
19/05/26 17:51:09.075 : s:7
19/05/26 17:51:10.729 : d:7
19/05/26 17:51:10.738 : d:D:\Application\RailSiteDataGrabber\RailSiteDataGrabber\bin\Debug_Copy\Files\rwmms\decleration\dec_فنی و مهندسی ریل پرداز سیر_346057.pdf
19/05/26 17:51:11.731 : s:8
19/05/26 17:51:13.465 : d:8
19/05/26 17:51:13.473 : d:D:\Application\RailSiteDataGrabber\RailSiteDataGrabber\bin\Debug_Copy\Files\rwmms\decleration\dec_فنی و مهندسی ریل پرداز سیر_346058.pdf
19/05/26 17:51:14.451 : s:9
19/05/26 17:51:16.184 : d:9
19/05/26 17:51:16.195 : d:D:\Application\RailSiteDataGrabber\RailSiteDataGrabber\bin\Debug_Copy\Files\rwmms\decleration\dec_فنی و مهندسی ریل پرداز سیر_346059.pdf
19/05/26 17:51:17.330 : s:10
19/05/26 17:51:18.995 : d:10
19/05/26 17:51:19.000 : d:D:\Application\RailSiteDataGrabber\RailSiteDataGrabber\bin\Debug_Copy\Files\rwmms\decleration\dec_فنی و مهندسی ریل پرداز سیر_346060.pdf
19/05/26 17:51:20.029 : s:11
19/05/26 17:51:21.723 : d:11
19/05/26 17:51:21.732 : d:D:\Application\RailSiteDataGrabber\RailSiteDataGrabber\bin\Debug_Copy\Files\rwmms\decleration\dec_فنی و مهندسی ریل پرداز سیر_346061.pdf
19/05/26 17:51:23.053 : s:12
19/05/26 17:51:24.857 : d:12
19/05/26 17:51:24.865 : d:D:\Application\RailSiteDataGrabber\RailSiteDataGrabber\bin\Debug_Copy\Files\rwmms\decleration\dec_فنی و مهندسی ریل پرداز سیر_346062.pdf
19/05/26 17:51:25.905 : s:13
19/05/26 17:51:27.732 : d:13
19/05/26 17:51:27.742 : d:D:\Application\RailSiteDataGrabber\RailSiteDataGrabber\bin\Debug_Copy\Files\rwmms\decleration\dec_فنی و مهندسی ریل پرداز سیر_346063.pdf
19/05/26 17:51:28.796 : s:14
19/05/26 17:51:30.545 : d:14
19/05/26 17:51:30.555 : d:D:\Application\RailSiteDataGrabber\RailSiteDataGrabber\bin\Debug_Copy\Files\rwmms\decleration\dec_فنی و مهندسی ریل پرداز سیر_346064.pdf
19/05/26 17:51:31.665 : s:15
19/05/26 17:51:33.283 : d:15
19/05/26 17:51:33.292 : d:D:\Application\RailSiteDataGrabber\RailSiteDataGrabber\bin\Debug_Copy\Files\rwmms\decleration\dec_فنی و مهندسی ریل پرداز سیر_346065.pdf
19/05/26 17:51:33.428 : End of :4
19/05/26 17:51:33.445 : Start of :5
19/05/26 17:51:35.700 : s:1
19/05/26 17:51:37.654 : d:1
19/05/26 17:51:37.663 : d:D:\Application\RailSiteDataGrabber\RailSiteDataGrabber\bin\Debug_Copy\Files\rwmms\decleration\dec_فنی و مهندسی ریل پرداز سیر_346066.pdf
19/05/26 17:51:38.620 : s:2
19/05/26 17:51:40.300 : d:2
19/05/26 17:51:40.312 : d:D:\Application\RailSiteDataGrabber\RailSiteDataGrabber\bin\Debug_Copy\Files\rwmms\decleration\dec_فنی و مهندسی ریل پرداز سیر_346067.pdf
19/05/26 17:51:41.277 : s:3
19/05/26 17:51:43.903 : d:3
19/05/26 17:51:43.911 : d:D:\Application\RailSiteDataGrabber\RailSiteDataGrabber\bin\Debug_Copy\Files\rwmms\decleration\dec_فنی و مهندسی ریل پرداز سیر_346068.pdf
19/05/26 17:51:44.910 : s:4
19/05/26 17:51:47.002 : d:4
19/05/26 17:51:47.011 : d:D:\Application\RailSiteDataGrabber\RailSiteDataGrabber\bin\Debug_Copy\Files\rwmms\decleration\dec_فنی و مهندسی ریل پرداز سیر_346069.pdf
19/05/26 17:51:48.347 : s:5
19/05/26 17:51:50.464 : d:5
19/05/26 17:51:50.473 : d:D:\Application\RailSiteDataGrabber\RailSiteDataGrabber\bin\Debug_Copy\Files\rwmms\decleration\dec_فنی و مهندسی ریل پرداز سیر_346070.pdf
19/05/26 17:51:51.479 : s:6
19/05/26 17:51:53.452 : d:6
19/05/26 17:51:53.462 : d:D:\Application\RailSiteDataGrabber\RailSiteDataGrabber\bin\Debug_Copy\Files\rwmms\decleration\dec_فنی و مهندسی ریل پرداز سیر_346072.pdf
19/05/26 17:51:54.510 : s:7
19/05/26 17:51:56.474 : d:7
19/05/26 17:51:56.483 : d:D:\Application\RailSiteDataGrabber\RailSiteDataGrabber\bin\Debug_Copy\Files\rwmms\decleration\dec_فنی و مهندسی ریل پرداز سیر_346073.pdf
19/05/26 17:51:57.489 : s:8
19/05/26 17:51:59.577 : d:8
19/05/26 17:51:59.586 : d:D:\Application\RailSiteDataGrabber\RailSiteDataGrabber\bin\Debug_Copy\Files\rwmms\decleration\dec_فنی و مهندسی ریل پرداز سیر_346074.pdf
19/05/26 17:52:00.656 : s:9
19/05/26 17:52:02.524 : d:9
19/05/26 17:52:02.532 : d:D:\Application\RailSiteDataGrabber\RailSiteDataGrabber\bin\Debug_Copy\Files\rwmms\decleration\dec_فنی و مهندسی ریل پرداز سیر_346075.pdf
19/05/26 17:52:03.658 : s:10
19/05/26 17:52:05.726 : d:10
19/05/26 17:52:05.734 : d:D:\Application\RailSiteDataGrabber\RailSiteDataGrabber\bin\Debug_Copy\Files\rwmms\decleration\dec_فنی و مهندسی ریل پرداز سیر_346076.pdf
19/05/26 17:52:06.912 : s:11
19/05/26 17:52:08.861 : d:11
19/05/26 17:52:08.872 : d:D:\Application\RailSiteDataGrabber\RailSiteDataGrabber\bin\Debug_Copy\Files\rwmms\decleration\dec_فنی و مهندسی ریل پرداز سیر_346079.pdf
19/05/26 17:52:10.018 : s:12
19/05/26 17:52:12.134 : d:12
19/05/26 17:52:12.142 : d:D:\Application\RailSiteDataGrabber\RailSiteDataGrabber\bin\Debug_Copy\Files\rwmms\decleration\dec_فنی و مهندسی ریل پرداز سیر_346080.pdf
19/05/26 17:52:13.170 : s:13
19/05/26 17:52:14.752 : d:13
19/05/26 17:52:14.760 : d:D:\Application\RailSiteDataGrabber\RailSiteDataGrabber\bin\Debug_Copy\Files\rwmms\decleration\dec_فنی و مهندسی ریل پرداز سیر_346081.pdf
19/05/26 17:52:15.801 : s:14
19/05/26 17:52:17.512 : d:14
19/05/26 17:52:17.522 : d:D:\Application\RailSiteDataGrabber\RailSiteDataGrabber\bin\Debug_Copy\Files\rwmms\decleration\dec_فنی و مهندسی ریل پرداز سیر_346082.pdf
19/05/26 17:52:18.477 : s:15
19/05/26 17:52:20.168 : d:15
19/05/26 17:52:20.178 : d:D:\Application\RailSiteDataGrabber\RailSiteDataGrabber\bin\Debug_Copy\Files\rwmms\decleration\dec_فنی و مهندسی ریل پرداز سیر_346083.pdf
19/05/26 17:52:20.294 : End of :5
19/05/26 17:52:20.301 : Start of :6
19/05/26 17:52:22.435 : s:1
19/05/26 17:52:24.193 : d:1
19/05/26 17:52:24.203 : d:D:\Application\RailSiteDataGrabber\RailSiteDataGrabber\bin\Debug_Copy\Files\rwmms\decleration\dec_فنی و مهندسی ریل پرداز سیر_346084.pdf
19/05/26 17:52:25.187 : s:2
19/05/26 17:52:26.903 : d:2
19/05/26 17:52:26.911 : d:D:\Application\RailSiteDataGrabber\RailSiteDataGrabber\bin\Debug_Copy\Files\rwmms\decleration\dec_فنی و مهندسی ریل پرداز سیر_346085.pdf
19/05/26 17:52:27.881 : s:3
19/05/26 17:52:29.614 : d:3
19/05/26 17:52:29.627 : d:D:\Application\RailSiteDataGrabber\RailSiteDataGrabber\bin\Debug_Copy\Files\rwmms\decleration\dec_فنی و مهندسی ریل پرداز سیر_346086.pdf
19/05/26 17:52:30.751 : s:4
19/05/26 17:52:32.979 : d:4
19/05/26 17:52:32.986 : d:D:\Application\RailSiteDataGrabber\RailSiteDataGrabber\bin\Debug_Copy\Files\rwmms\decleration\dec_فنی و مهندسی ریل پرداز سیر_346087.pdf
19/05/26 17:52:33.959 : s:5
19/05/26 17:52:35.839 : d:5
19/05/26 17:52:35.847 : d:D:\Application\RailSiteDataGrabber\RailSiteDataGrabber\bin\Debug_Copy\Files\rwmms\decleration\dec_فنی و مهندسی ریل پرداز سیر_346088.pdf
19/05/26 17:52:36.801 : s:6
19/05/26 17:52:38.576 : d:6
19/05/26 17:52:38.585 : d:D:\Application\RailSiteDataGrabber\RailSiteDataGrabber\bin\Debug_Copy\Files\rwmms\decleration\dec_فنی و مهندسی ریل پرداز سیر_346089.pdf
19/05/26 17:52:39.658 : s:7
19/05/26 17:52:41.703 : d:7
19/05/26 17:52:41.711 : d:D:\Application\RailSiteDataGrabber\RailSiteDataGrabber\bin\Debug_Copy\Files\rwmms\decleration\dec_فنی و مهندسی ریل پرداز سیر_346090.pdf
19/05/26 17:52:42.708 : s:8
19/05/26 17:52:44.655 : d:8
19/05/26 17:52:44.679 : d:D:\Application\RailSiteDataGrabber\RailSiteDataGrabber\bin\Debug_Copy\Files\rwmms\decleration\dec_فنی و مهندسی ریل پرداز سیر_346091.pdf
19/05/26 17:52:46.691 : s:9
19/05/26 17:52:48.603 : d:9
19/05/26 17:52:48.610 : d:D:\Application\RailSiteDataGrabber\RailSiteDataGrabber\bin\Debug_Copy\Files\rwmms\decleration\dec_فنی و مهندسی ریل پرداز سیر_346092.pdf
19/05/26 17:52:49.572 : s:10
19/05/26 17:52:51.403 : d:10
19/05/26 17:52:51.412 : d:D:\Application\RailSiteDataGrabber\RailSiteDataGrabber\bin\Debug_Copy\Files\rwmms\decleration\dec_فنی و مهندسی ریل پرداز سیر_346093.pdf
19/05/26 17:52:52.356 : s:11
19/05/26 17:52:54.108 : d:11
19/05/26 17:52:54.115 : d:D:\Application\RailSiteDataGrabber\RailSiteDataGrabber\bin\Debug_Copy\Files\rwmms\decleration\dec_فنی و مهندسی ریل پرداز سیر_346094.pdf
19/05/26 17:52:55.143 : s:12
19/05/26 17:52:56.832 : d:12
19/05/26 17:52:56.842 : d:D:\Application\RailSiteDataGrabber\RailSiteDataGrabber\bin\Debug_Copy\Files\rwmms\decleration\dec_فنی و مهندسی ریل پرداز سیر_346095.pdf
19/05/26 17:52:57.800 : s:13
19/05/26 17:52:59.629 : d:13
19/05/26 17:52:59.638 : d:D:\Application\RailSiteDataGrabber\RailSiteDataGrabber\bin\Debug_Copy\Files\rwmms\decleration\dec_فنی و مهندسی ریل پرداز سیر_346096.pdf
19/05/26 17:53:00.668 : s:14
19/05/26 17:53:02.508 : d:14
19/05/26 17:53:02.516 : d:D:\Application\RailSiteDataGrabber\RailSiteDataGrabber\bin\Debug_Copy\Files\rwmms\decleration\dec_فنی و مهندسی ریل پرداز سیر_346097.pdf
19/05/26 17:53:03.499 : s:15
19/05/26 17:53:05.356 : d:15
19/05/26 17:53:05.365 : d:D:\Application\RailSiteDataGrabber\RailSiteDataGrabber\bin\Debug_Copy\Files\rwmms\decleration\dec_فنی و مهندسی ریل پرداز سیر_346098.pdf
19/05/26 17:53:05.487 : End of :6
19/05/26 17:53:05.493 : Start of :7
19/05/26 17:53:07.821 : s:1
19/05/26 17:53:09.605 : d:1
19/05/26 17:53:09.613 : d:D:\Application\RailSiteDataGrabber\RailSiteDataGrabber\bin\Debug_Copy\Files\rwmms\decleration\dec_فنی و مهندسی ریل پرداز سیر_346099.pdf
19/05/26 17:53:10.572 : s:2
19/05/26 17:53:12.277 : d:2
19/05/26 17:53:12.288 : d:D:\Application\RailSiteDataGrabber\RailSiteDataGrabber\bin\Debug_Copy\Files\rwmms\decleration\dec_فنی و مهندسی ریل پرداز سیر_346100.pdf
19/05/26 17:53:13.300 : s:3
19/05/26 17:53:15.331 : d:3
19/05/26 17:53:15.338 : d:D:\Application\RailSiteDataGrabber\RailSiteDataGrabber\bin\Debug_Copy\Files\rwmms\decleration\dec_فنی و مهندسی ریل پرداز سیر_346101.pdf
19/05/26 17:53:16.319 : s:4
19/05/26 17:53:18.124 : d:4
19/05/26 17:53:18.133 : d:D:\Application\RailSiteDataGrabber\RailSiteDataGrabber\bin\Debug_Copy\Files\rwmms\decleration\dec_فنی و مهندسی ریل پرداز سیر_346102.pdf
19/05/26 17:53:19.097 : s:5
19/05/26 17:53:20.946 : d:5
19/05/26 17:53:20.956 : d:D:\Application\RailSiteDataGrabber\RailSiteDataGrabber\bin\Debug_Copy\Files\rwmms\decleration\dec_فنی و مهندسی ریل پرداز سیر_346103.pdf
19/05/26 17:53:22.175 : s:6
19/05/26 17:53:24.474 : d:6
19/05/26 17:53:24.482 : d:D:\Application\RailSiteDataGrabber\RailSiteDataGrabber\bin\Debug_Copy\Files\rwmms\decleration\dec_فنی و مهندسی ریل پرداز سیر_346104.pdf
19/05/26 17:53:25.570 : s:7
19/05/26 17:53:27.356 : d:7
19/05/26 17:53:27.364 : d:D:\Application\RailSiteDataGrabber\RailSiteDataGrabber\bin\Debug_Copy\Files\rwmms\decleration\dec_فنی و مهندسی ریل پرداز سیر_346105.pdf
19/05/26 17:53:28.741 : s:8
19/05/26 17:53:30.442 : d:8
19/05/26 17:53:30.449 : d:D:\Application\RailSiteDataGrabber\RailSiteDataGrabber\bin\Debug_Copy\Files\rwmms\decleration\dec_فنی و مهندسی ریل پرداز سیر_346106.pdf
19/05/26 17:53:31.452 : s:9
19/05/26 17:53:33.082 : d:9
19/05/26 17:53:33.091 : d:D:\Application\RailSiteDataGrabber\RailSiteDataGrabber\bin\Debug_Copy\Files\rwmms\decleration\dec_فنی و مهندسی ریل پرداز سیر_346107.pdf
19/05/26 17:53:34.098 : s:10
19/05/26 17:53:36.090 : d:10
19/05/26 17:53:36.098 : d:D:\Application\RailSiteDataGrabber\RailSiteDataGrabber\bin\Debug_Copy\Files\rwmms\decleration\dec_فنی و مهندسی ریل پرداز سیر_346108.pdf
19/05/26 17:53:37.115 : s:11
19/05/26 17:53:38.853 : d:11
19/05/26 17:53:38.861 : d:D:\Application\RailSiteDataGrabber\RailSiteDataGrabber\bin\Debug_Copy\Files\rwmms\decleration\dec_فنی و مهندسی ریل پرداز سیر_346109.pdf
19/05/26 17:53:40.286 : s:12
19/05/26 17:53:41.847 : d:12
19/05/26 17:53:41.856 : d:D:\Application\RailSiteDataGrabber\RailSiteDataGrabber\bin\Debug_Copy\Files\rwmms\decleration\dec_فنی و مهندسی ریل پرداز سیر_346110.pdf
19/05/26 17:53:42.824 : s:13
19/05/26 17:53:44.414 : d:13
19/05/26 17:53:44.422 : d:D:\Application\RailSiteDataGrabber\RailSiteDataGrabber\bin\Debug_Copy\Files\rwmms\decleration\dec_فنی و مهندسی ریل پرداز سیر_346111.pdf
19/05/26 17:53:45.416 : s:14
19/05/26 17:53:47.172 : d:14
19/05/26 17:53:47.183 : d:D:\Application\RailSiteDataGrabber\RailSiteDataGrabber\bin\Debug_Copy\Files\rwmms\decleration\dec_فنی و مهندسی ریل پرداز سیر_346112.pdf
19/05/26 17:53:48.410 : s:15
19/05/26 17:53:49.939 : d:15
19/05/26 17:53:49.948 : d:D:\Application\RailSiteDataGrabber\RailSiteDataGrabber\bin\Debug_Copy\Files\rwmms\decleration\dec_فنی و مهندسی ریل پرداز سیر_346113.pdf
19/05/26 17:53:50.070 : End of :7
19/05/26 17:53:50.077 : Start of :8
19/05/26 17:53:52.275 : s:1
19/05/26 17:53:53.960 : d:1
19/05/26 17:53:53.969 : d:D:\Application\RailSiteDataGrabber\RailSiteDataGrabber\bin\Debug_Copy\Files\rwmms\decleration\dec_فنی و مهندسی ریل پرداز سیر_346114.pdf
19/05/26 17:53:54.923 : s:2
19/05/26 17:53:56.538 : d:2
19/05/26 17:53:56.547 : d:D:\Application\RailSiteDataGrabber\RailSiteDataGrabber\bin\Debug_Copy\Files\rwmms\decleration\dec_فنی و مهندسی ریل پرداز سیر_346115.pdf
19/05/26 17:53:57.958 : s:3
19/05/26 17:53:59.611 : d:3
19/05/26 17:53:59.620 : d:D:\Application\RailSiteDataGrabber\RailSiteDataGrabber\bin\Debug_Copy\Files\rwmms\decleration\dec_فنی و مهندسی ریل پرداز سیر_346116.pdf
19/05/26 17:54:00.583 : s:4
19/05/26 17:54:02.170 : d:4
19/05/26 17:54:02.183 : d:D:\Application\RailSiteDataGrabber\RailSiteDataGrabber\bin\Debug_Copy\Files\rwmms\decleration\dec_فنی و مهندسی ریل پرداز سیر_346117.pdf
19/05/26 17:54:03.118 : s:5
19/05/26 17:54:04.812 : d:5
19/05/26 17:54:04.820 : d:D:\Application\RailSiteDataGrabber\RailSiteDataGrabber\bin\Debug_Copy\Files\rwmms\decleration\dec_فنی و مهندسی ریل پرداز سیر_346119.pdf
