19/05/26 13:10:58.099 : Start of :72
19/05/26 13:13:53.509 : Start of :72
19/05/26 13:34:53.556 : Start of :72
19/05/26 13:41:08.141 : Start of :72
19/05/26 13:44:56.082 : Start of :72
19/05/26 13:50:00.997 : Start of :72
19/05/26 14:02:17.681 : Start of :72
19/05/26 14:10:32.064 : Start of :72
19/05/26 14:12:06.719 : Start of :72
19/05/26 14:16:57.866 : Start of :72
19/05/26 14:17:31.348 : End of :72
19/05/26 15:38:25.553 : Start of :72
19/05/26 17:25:11.715 : Start of :72
19/05/26 17:26:01.217 : End of :72
19/05/26 17:26:59.453 : Start of :72
19/05/26 17:28:17.842 : End of :72
19/05/26 17:28:47.913 : Start of :72
19/05/26 17:29:49.407 : End of :72
19/05/26 17:30:28.486 : Start of :72
19/05/26 17:31:17.687 : End of :72
19/05/26 17:31:48.139 : Start of :72
19/05/26 17:33:15.810 : End of :72
19/05/26 17:36:01.779 : Start of :72
19/05/26 17:36:17.059 : s:1
19/05/26 17:36:19.591 : d:1
19/05/26 17:36:19.598 : d:D:\Application\RailSiteDataGrabber\RailSiteDataGrabber\bin\Debug\Files\rwmms\decleration\dec_فنی و مهندسی ریل پرداز سیر_365345.pdf
19/05/26 17:36:20.488 : s:2
19/05/26 17:36:23.019 : d:2
19/05/26 17:36:23.027 : d:D:\Application\RailSiteDataGrabber\RailSiteDataGrabber\bin\Debug\Files\rwmms\decleration\dec_فنی و مهندسی ریل پرداز سیر_365346.pdf
19/05/26 17:36:24.228 : s:3
19/05/26 17:36:26.772 : d:3
19/05/26 17:36:26.779 : d:D:\Application\RailSiteDataGrabber\RailSiteDataGrabber\bin\Debug\Files\rwmms\decleration\dec_فنی و مهندسی ریل پرداز سیر_365347.pdf
19/05/26 17:36:27.697 : s:4
19/05/26 17:36:30.316 : d:4
19/05/26 17:36:30.326 : d:D:\Application\RailSiteDataGrabber\RailSiteDataGrabber\bin\Debug\Files\rwmms\decleration\dec_فنی و مهندسی ریل پرداز سیر_365348.pdf
19/05/26 17:36:31.682 : s:5
19/05/26 17:36:34.267 : d:5
19/05/26 17:36:34.274 : d:D:\Application\RailSiteDataGrabber\RailSiteDataGrabber\bin\Debug\Files\rwmms\decleration\dec_فنی و مهندسی ریل پرداز سیر_365349.pdf
19/05/26 17:37:07.974 : End of :72
19/05/26 17:37:42.821 : Start of :72
19/05/26 17:37:57.639 : s:1
19/05/26 17:38:00.726 : d:1
19/05/26 17:38:00.734 : d:D:\Application\RailSiteDataGrabber\RailSiteDataGrabber\bin\Debug\Files\rwmms\decleration\dec_فنی و مهندسی ریل پرداز سیر_365345.pdf
19/05/26 17:38:01.638 : s:2
19/05/26 17:38:04.287 : d:2
19/05/26 17:38:04.299 : d:D:\Application\RailSiteDataGrabber\RailSiteDataGrabber\bin\Debug\Files\rwmms\decleration\dec_فنی و مهندسی ریل پرداز سیر_365346.pdf
19/05/26 17:38:05.517 : s:3
19/05/26 17:38:08.085 : d:3
19/05/26 17:38:08.094 : d:D:\Application\RailSiteDataGrabber\RailSiteDataGrabber\bin\Debug\Files\rwmms\decleration\dec_فنی و مهندسی ریل پرداز سیر_365347.pdf
19/05/26 17:38:09.251 : s:4
19/05/26 17:38:11.863 : d:4
19/05/26 17:38:11.873 : d:D:\Application\RailSiteDataGrabber\RailSiteDataGrabber\bin\Debug\Files\rwmms\decleration\dec_فنی و مهندسی ریل پرداز سیر_365348.pdf
19/05/26 17:38:13.054 : s:5
19/05/26 17:38:15.549 : d:5
19/05/26 17:38:15.557 : d:D:\Application\RailSiteDataGrabber\RailSiteDataGrabber\bin\Debug\Files\rwmms\decleration\dec_فنی و مهندسی ریل پرداز سیر_365349.pdf
19/05/26 17:39:28.856 : End of :72
19/05/26 17:39:55.898 : Start of :72
19/05/26 17:40:16.886 : s:1
19/05/26 17:40:19.360 : d:1
19/05/26 17:40:19.367 : d:D:\Application\RailSiteDataGrabber\RailSiteDataGrabber\bin\Debug\Files\rwmms\decleration\dec_فنی و مهندسی ریل پرداز سیر_365345.pdf
19/05/26 17:40:20.256 : s:2
19/05/26 17:40:22.895 : d:2
19/05/26 17:40:22.903 : d:D:\Application\RailSiteDataGrabber\RailSiteDataGrabber\bin\Debug\Files\rwmms\decleration\dec_فنی و مهندسی ریل پرداز سیر_365346.pdf
19/05/26 17:40:23.777 : s:3
19/05/26 17:40:26.252 : d:3
19/05/26 17:40:26.262 : d:D:\Application\RailSiteDataGrabber\RailSiteDataGrabber\bin\Debug\Files\rwmms\decleration\dec_فنی و مهندسی ریل پرداز سیر_365347.pdf
19/05/26 17:40:27.171 : s:4
19/05/26 17:40:29.812 : d:4
19/05/26 17:40:29.822 : d:D:\Application\RailSiteDataGrabber\RailSiteDataGrabber\bin\Debug\Files\rwmms\decleration\dec_فنی و مهندسی ریل پرداز سیر_365348.pdf
19/05/26 17:40:30.820 : s:5
19/05/26 17:40:33.489 : d:5
19/05/26 17:40:33.499 : d:D:\Application\RailSiteDataGrabber\RailSiteDataGrabber\bin\Debug\Files\rwmms\decleration\dec_فنی و مهندسی ریل پرداز سیر_365349.pdf
19/05/26 17:40:41.571 : End of :72
